{
  "stats": {
    "suites": 1,
    "tests": 1,
    "passes": 1,
    "pending": 0,
    "failures": 0,
    "start": "2021-12-06T12:41:06.521Z",
    "end": "2021-12-06T12:41:27.654Z",
    "duration": 21133,
    "testsRegistered": 1,
    "passPercent": 100,
    "pendingPercent": 0,
    "other": 0,
    "hasOther": false,
    "skipped": 0,
    "hasSkipped": false
  },
  "results": [
    {
      "uuid": "456e59d4-d109-44bf-b7e2-929161f581d5",
      "title": "",
      "fullFile": "cypress/integration/cadastroCliente.spec.js",
      "file": "cypress/integration/cadastroCliente.spec.js",
      "beforeHooks": [],
      "afterHooks": [],
      "tests": [],
      "suites": [
        {
          "uuid": "18fbf363-6c04-40b1-b121-ab2e99a9a400",
          "title": "Cadastro de Clientes",
          "fullFile": "",
          "file": "",
          "beforeHooks": [],
          "afterHooks": [],
          "tests": [
            {
              "title": "Quando eu cadastrar o cliente e gravar, então deve ser realizado o cadastro com sucessso",
              "fullTitle": "Cadastro de Clientes Quando eu cadastrar o cliente e gravar, então deve ser realizado o cadastro com sucessso",
              "timedOut": null,
              "duration": 18779,
              "state": "passed",
              "speed": "slow",
              "pass": true,
              "fail": false,
              "pending": false,
              "context": null,
              "code": "_Logon.default.RealizarCadastroCliente();",
              "err": {},
              "uuid": "27972225-512c-4e87-bdca-6e175df517e7",
              "parentUUID": "18fbf363-6c04-40b1-b121-ab2e99a9a400",
              "isHook": false,
              "skipped": false
            }
          ],
          "suites": [],
          "passes": [
            "27972225-512c-4e87-bdca-6e175df517e7"
          ],
          "failures": [],
          "pending": [],
          "skipped": [],
          "duration": 18779,
          "root": false,
          "rootEmpty": false,
          "_timeout": 2000
        }
      ],
      "passes": [],
      "failures": [],
      "pending": [],
      "skipped": [],
      "duration": 0,
      "root": true,
      "rootEmpty": true,
      "_timeout": 2000
    }
  ],
  "meta": {
    "mocha": {
      "version": "7.0.1"
    },
    "mochawesome": {
      "options": {
        "quiet": true,
        "reportFilename": "mochawesome",
        "saveHtml": false,
        "saveJson": true,
        "consoleReporter": "spec",
        "useInlineDiffs": false,
        "code": true
      },
      "version": "7.0.1"
    },
    "marge": {
      "options": {
        "id": "default",
        "reportDir": "mochawesome-report",
        "quiet": true,
        "overwrite": false,
        "html": false,
        "json": true
      },
      "version": "6.0.1"
    }
  }
}