{
  "stats": {
    "suites": 1,
    "tests": 1,
    "passes": 1,
    "pending": 0,
    "failures": 0,
    "start": "2021-12-06T23:44:28.950Z",
    "end": "2021-12-06T23:45:05.834Z",
    "duration": 36884,
    "testsRegistered": 1,
    "passPercent": 100,
    "pendingPercent": 0,
    "other": 0,
    "hasOther": false,
    "skipped": 0,
    "hasSkipped": false
  },
  "results": [
    {
      "uuid": "65ae585c-e8cd-4349-8b2d-8c9f261f9672",
      "title": "",
      "fullFile": "cypress/integration/cadastroCliente.spec.js",
      "file": "cypress/integration/cadastroCliente.spec.js",
      "beforeHooks": [],
      "afterHooks": [],
      "tests": [],
      "suites": [
        {
          "uuid": "f44f517b-b904-41f2-849e-e0fd229cd84b",
          "title": "Cadastro de Clientes",
          "fullFile": "",
          "file": "",
          "beforeHooks": [],
          "afterHooks": [],
          "tests": [
            {
              "title": "Quando eu cadastrar o cliente e gravar, então deve ser realizado o cadastro com sucessso",
              "fullTitle": "Cadastro de Clientes Quando eu cadastrar o cliente e gravar, então deve ser realizado o cadastro com sucessso",
              "timedOut": null,
              "duration": 31904,
              "state": "passed",
              "speed": "slow",
              "pass": true,
              "fail": false,
              "pending": false,
              "context": null,
              "code": "_Logon.default.RealizarCadastroCliente();",
              "err": {},
              "uuid": "225e4047-a204-4a53-a6ba-704fbbe9b974",
              "parentUUID": "f44f517b-b904-41f2-849e-e0fd229cd84b",
              "isHook": false,
              "skipped": false
            }
          ],
          "suites": [],
          "passes": [
            "225e4047-a204-4a53-a6ba-704fbbe9b974"
          ],
          "failures": [],
          "pending": [],
          "skipped": [],
          "duration": 31904,
          "root": false,
          "rootEmpty": false,
          "_timeout": 2000
        }
      ],
      "passes": [],
      "failures": [],
      "pending": [],
      "skipped": [],
      "duration": 0,
      "root": true,
      "rootEmpty": true,
      "_timeout": 2000
    }
  ],
  "meta": {
    "mocha": {
      "version": "7.0.1"
    },
    "mochawesome": {
      "options": {
        "quiet": true,
        "reportFilename": "mochawesome",
        "saveHtml": false,
        "saveJson": true,
        "consoleReporter": "spec",
        "useInlineDiffs": false,
        "code": true
      },
      "version": "7.0.1"
    },
    "marge": {
      "options": {
        "id": "default",
        "reportDir": "mochawesome-report",
        "quiet": true,
        "overwrite": false,
        "html": false,
        "json": true
      },
      "version": "6.0.1"
    }
  }
}